0 info it worked if it ends with ok
1 verbose cli [ '/usr/local/bin/node', '/usr/local/bin/npm', 'publish' ]
2 info using npm@3.8.3
3 info using node@v5.10.1
4 verbose publish [ '.' ]
5 silly cache add args [ '.', null ]
6 verbose cache add spec .
7 silly cache add parsed spec Result {
7 silly cache add   raw: '.',
7 silly cache add   scope: null,
7 silly cache add   name: null,
7 silly cache add   rawSpec: '.',
7 silly cache add   spec: '/Users/joshpinkney/Documents/Personal Projects/local-doc',
7 silly cache add   type: 'directory' }
8 verbose addLocalDirectory /Users/joshpinkney/.npm/local-doc/0.0.0/package.tgz not in flight; packing
9 verbose correctMkdir /Users/joshpinkney/.npm correctMkdir not in flight; initializing
10 info lifecycle local-doc@0.0.0~prepublish: local-doc@0.0.0
11 silly lifecycle local-doc@0.0.0~prepublish: no script for prepublish, continuing
12 verbose tar pack [ '/Users/joshpinkney/.npm/local-doc/0.0.0/package.tgz',
12 verbose tar pack   '/Users/joshpinkney/Documents/Personal Projects/local-doc' ]
13 verbose tarball /Users/joshpinkney/.npm/local-doc/0.0.0/package.tgz
14 verbose folder /Users/joshpinkney/Documents/Personal Projects/local-doc
15 verbose addLocalTarball adding from inside cache /Users/joshpinkney/.npm/local-doc/0.0.0/package.tgz
16 verbose correctMkdir /Users/joshpinkney/.npm correctMkdir not in flight; initializing
17 silly cache afterAdd local-doc@0.0.0
18 verbose afterAdd /Users/joshpinkney/.npm/local-doc/0.0.0/package/package.json not in flight; writing
19 verbose correctMkdir /Users/joshpinkney/.npm correctMkdir not in flight; initializing
20 verbose afterAdd /Users/joshpinkney/.npm/local-doc/0.0.0/package/package.json written
21 silly publish { name: 'local-doc',
21 silly publish   version: '0.0.0',
21 silly publish   scripts: { start: 'node ./bin/www' },
21 silly publish   dependencies:
21 silly publish    { 'body-parser': '^1.12.4',
21 silly publish      'cookie-parser': '^1.3.5',
21 silly publish      debug: '~2.2.0',
21 silly publish      ejs: '~2.3.1',
21 silly publish      express: '^4.12.4',
21 silly publish      fs: '0.0.2',
21 silly publish      'highlight.js': '^9.3.0',
21 silly publish      'markdown-it': '^6.0.1',
21 silly publish      morgan: '^1.5.3',
21 silly publish      nodemon: '^1.9.1',
21 silly publish      os: '^0.1.1',
21 silly publish      'serve-favicon': '~2.2.1' },
21 silly publish   gitHead: '2b6980e2393614f7a113eb1a0e657972f44458ee',
21 silly publish   readme: 'ERROR: No README data found!',
21 silly publish   _id: 'local-doc@0.0.0',
21 silly publish   _shasum: '7daaacb85c38b29e3c7899c91f2ddddade6ceb98',
21 silly publish   _from: '.' }
22 verbose getPublishConfig undefined
23 silly mapToRegistry name local-doc
24 silly mapToRegistry using default registry
25 silly mapToRegistry registry https://registry.npmjs.org/
26 silly mapToRegistry data Result {
26 silly mapToRegistry   raw: 'local-doc',
26 silly mapToRegistry   scope: null,
26 silly mapToRegistry   name: 'local-doc',
26 silly mapToRegistry   rawSpec: '',
26 silly mapToRegistry   spec: 'latest',
26 silly mapToRegistry   type: 'tag' }
27 silly mapToRegistry uri https://registry.npmjs.org/local-doc
28 verbose publish registryBase https://registry.npmjs.org/
29 silly publish uploading /Users/joshpinkney/.npm/local-doc/0.0.0/package.tgz
30 verbose request uri https://registry.npmjs.org/local-doc
31 verbose request sending authorization for write operation
32 info attempt registry request try #1 at 9:28:21 PM
33 verbose request using bearer token for auth
34 verbose request id adea29a4229b373c
35 http request PUT https://registry.npmjs.org/local-doc
36 http 403 https://registry.npmjs.org/local-doc
37 verbose headers { 'content-type': 'application/json',
37 verbose headers   'cache-control': 'max-age=300',
37 verbose headers   'content-length': '95',
37 verbose headers   'accept-ranges': 'bytes',
37 verbose headers   date: 'Sat, 23 Apr 2016 01:28:22 GMT',
37 verbose headers   via: '1.1 varnish',
37 verbose headers   connection: 'keep-alive',
37 verbose headers   'x-served-by': 'cache-iad2120-IAD',
37 verbose headers   'x-cache': 'MISS',
37 verbose headers   'x-cache-hits': '0',
37 verbose headers   'x-timer': 'S1461374901.574820,VS0,VE783',
37 verbose headers   vary: 'Accept-Encoding' }
38 verbose request invalidating /Users/joshpinkney/.npm/registry.npmjs.org/local-doc on PUT
39 error publish Failed PUT 403
40 verbose stack Error: "You cannot publish over the previously published version 0.0.0." : local-doc
40 verbose stack     at makeError (/usr/local/lib/node_modules/npm/node_modules/npm-registry-client/lib/request.js:264:12)
40 verbose stack     at CachingRegistryClient.<anonymous> (/usr/local/lib/node_modules/npm/node_modules/npm-registry-client/lib/request.js:252:14)
40 verbose stack     at Request._callback (/usr/local/lib/node_modules/npm/node_modules/npm-registry-client/lib/request.js:172:14)
40 verbose stack     at Request.self.callback (/usr/local/lib/node_modules/npm/node_modules/request/request.js:199:22)
40 verbose stack     at emitTwo (events.js:100:13)
40 verbose stack     at Request.emit (events.js:185:7)
40 verbose stack     at Request.<anonymous> (/usr/local/lib/node_modules/npm/node_modules/request/request.js:1036:10)
40 verbose stack     at emitOne (events.js:95:20)
40 verbose stack     at Request.emit (events.js:182:7)
40 verbose stack     at IncomingMessage.<anonymous> (/usr/local/lib/node_modules/npm/node_modules/request/request.js:963:12)
41 verbose statusCode 403
42 verbose pkgid local-doc
43 verbose cwd /Users/joshpinkney/Documents/Personal Projects/local-doc
44 error Darwin 15.3.0
45 error argv "/usr/local/bin/node" "/usr/local/bin/npm" "publish"
46 error node v5.10.1
47 error npm  v3.8.3
48 error code E403
49 error "You cannot publish over the previously published version 0.0.0." : local-doc
50 error If you need help, you may report this error at:
50 error     <https://github.com/npm/npm/issues>
51 verbose exit [ 1, true ]
